2024-08-30 09:01:27,681 ERROR G:\Python_projects\SkillFactory\SkillFactory_NewsPaper\.venv\Lib\site-packages\django\utils\log.py (<class 'django.template.exceptions.TemplateSyntaxError'>, TemplateSyntaxError("Invalid block tag on line 66: 'endblock', expected 'endcache'. Did you forget to register or load this tag?"), <traceback object at 0x000001F8AAF29400>) Internal Server Error: /news/
Traceback (most recent call last):
  File "G:\Python_projects\SkillFactory\SkillFactory_NewsPaper\.venv\Lib\site-packages\django\template\base.py", line 510, in parse
    compile_func = self.tags[command]
                   ~~~~~~~~~^^^^^^^^^
KeyError: 'endblock'

During handling of the above exception, another exception occurred:

Traceback (most recent call last):
  File "G:\Python_projects\SkillFactory\SkillFactory_NewsPaper\.venv\Lib\site-packages\django\core\handlers\exception.py", line 55, in inner
    response = get_response(request)
               ^^^^^^^^^^^^^^^^^^^^^
  File "G:\Python_projects\SkillFactory\SkillFactory_NewsPaper\.venv\Lib\site-packages\django\core\handlers\base.py", line 220, in _get_response
    response = response.render()
               ^^^^^^^^^^^^^^^^^
  File "G:\Python_projects\SkillFactory\SkillFactory_NewsPaper\.venv\Lib\site-packages\django\template\response.py", line 114, in render
    self.content = self.rendered_content
                   ^^^^^^^^^^^^^^^^^^^^^
  File "G:\Python_projects\SkillFactory\SkillFactory_NewsPaper\.venv\Lib\site-packages\django\template\response.py", line 90, in rendered_content
    template = self.resolve_template(self.template_name)
               ^^^^^^^^^^^^^^^^^^^^^^^^^^^^^^^^^^^^^^^^^
  File "G:\Python_projects\SkillFactory\SkillFactory_NewsPaper\.venv\Lib\site-packages\django\template\response.py", line 72, in resolve_template
    return select_template(template, using=self.using)
           ^^^^^^^^^^^^^^^^^^^^^^^^^^^^^^^^^^^^^^^^^^^
  File "G:\Python_projects\SkillFactory\SkillFactory_NewsPaper\.venv\Lib\site-packages\django\template\loader.py", line 42, in select_template
    return engine.get_template(template_name)
           ^^^^^^^^^^^^^^^^^^^^^^^^^^^^^^^^^^
  File "G:\Python_projects\SkillFactory\SkillFactory_NewsPaper\.venv\Lib\site-packages\django\template\backends\django.py", line 79, in get_template
    return Template(self.engine.get_template(template_name), self)
                    ^^^^^^^^^^^^^^^^^^^^^^^^^^^^^^^^^^^^^^^
  File "G:\Python_projects\SkillFactory\SkillFactory_NewsPaper\.venv\Lib\site-packages\django\template\engine.py", line 177, in get_template
    template, origin = self.find_template(template_name)
                       ^^^^^^^^^^^^^^^^^^^^^^^^^^^^^^^^^
  File "G:\Python_projects\SkillFactory\SkillFactory_NewsPaper\.venv\Lib\site-packages\django\template\engine.py", line 159, in find_template
    template = loader.get_template(name, skip=skip)
               ^^^^^^^^^^^^^^^^^^^^^^^^^^^^^^^^^^^^
  File "G:\Python_projects\SkillFactory\SkillFactory_NewsPaper\.venv\Lib\site-packages\django\template\loaders\cached.py", line 57, in get_template
    template = super().get_template(template_name, skip)
               ^^^^^^^^^^^^^^^^^^^^^^^^^^^^^^^^^^^^^^^^^
  File "G:\Python_projects\SkillFactory\SkillFactory_NewsPaper\.venv\Lib\site-packages\django\template\loaders\base.py", line 28, in get_template
    return Template(
           ^^^^^^^^^
  File "G:\Python_projects\SkillFactory\SkillFactory_NewsPaper\.venv\Lib\site-packages\django\template\base.py", line 154, in __init__
    self.nodelist = self.compile_nodelist()
                    ^^^^^^^^^^^^^^^^^^^^^^^
  File "G:\Python_projects\SkillFactory\SkillFactory_NewsPaper\.venv\Lib\site-packages\django\template\base.py", line 196, in compile_nodelist
    nodelist = parser.parse()
               ^^^^^^^^^^^^^^
  File "G:\Python_projects\SkillFactory\SkillFactory_NewsPaper\.venv\Lib\site-packages\django\template\base.py", line 518, in parse
    raise self.error(token, e)
  File "G:\Python_projects\SkillFactory\SkillFactory_NewsPaper\.venv\Lib\site-packages\django\template\base.py", line 516, in parse
    compiled_result = compile_func(self, token)
                      ^^^^^^^^^^^^^^^^^^^^^^^^^
  File "G:\Python_projects\SkillFactory\SkillFactory_NewsPaper\.venv\Lib\site-packages\django\template\loader_tags.py", line 295, in do_extends
    nodelist = parser.parse()
               ^^^^^^^^^^^^^^
  File "G:\Python_projects\SkillFactory\SkillFactory_NewsPaper\.venv\Lib\site-packages\django\template\base.py", line 518, in parse
    raise self.error(token, e)
  File "G:\Python_projects\SkillFactory\SkillFactory_NewsPaper\.venv\Lib\site-packages\django\template\base.py", line 516, in parse
    compiled_result = compile_func(self, token)
                      ^^^^^^^^^^^^^^^^^^^^^^^^^
  File "G:\Python_projects\SkillFactory\SkillFactory_NewsPaper\.venv\Lib\site-packages\django\template\loader_tags.py", line 234, in do_block
    nodelist = parser.parse(("endblock",))
               ^^^^^^^^^^^^^^^^^^^^^^^^^^^
  File "G:\Python_projects\SkillFactory\SkillFactory_NewsPaper\.venv\Lib\site-packages\django\template\base.py", line 518, in parse
    raise self.error(token, e)
  File "G:\Python_projects\SkillFactory\SkillFactory_NewsPaper\.venv\Lib\site-packages\django\template\base.py", line 516, in parse
    compiled_result = compile_func(self, token)
                      ^^^^^^^^^^^^^^^^^^^^^^^^^
  File "G:\Python_projects\SkillFactory\SkillFactory_NewsPaper\.venv\Lib\site-packages\django\templatetags\cache.py", line 84, in do_cache
    nodelist = parser.parse(("endcache",))
               ^^^^^^^^^^^^^^^^^^^^^^^^^^^
  File "G:\Python_projects\SkillFactory\SkillFactory_NewsPaper\.venv\Lib\site-packages\django\template\base.py", line 512, in parse
    self.invalid_block_tag(token, command, parse_until)
  File "G:\Python_projects\SkillFactory\SkillFactory_NewsPaper\.venv\Lib\site-packages\django\template\base.py", line 563, in invalid_block_tag
    raise self.error(
django.template.exceptions.TemplateSyntaxError: Invalid block tag on line 66: 'endblock', expected 'endcache'. Did you forget to register or load this tag?
2024-08-30 09:01:27,690 ERROR G:\Python_projects\SkillFactory\SkillFactory_NewsPaper\.venv\Lib\site-packages\django\core\servers\basehttp.py None "GET /news/ HTTP/1.1" 500 201625
2024-08-30 10:43:37,746 ERROR G:\Python_projects\SkillFactory\SkillFactory_NewsPaper\.venv\Lib\site-packages\django\utils\log.py (<class 'django.template.exceptions.TemplateSyntaxError'>, TemplateSyntaxError("Invalid block tag on line 7: 'trans', expected 'elif', 'else' or 'endif'. Did you forget to register or load this tag?"), <traceback object at 0x000001DB2D190840>) Internal Server Error: /
Traceback (most recent call last):
  File "G:\Python_projects\SkillFactory\SkillFactory_NewsPaper\.venv\Lib\site-packages\django\template\base.py", line 510, in parse
    compile_func = self.tags[command]
                   ~~~~~~~~~^^^^^^^^^
KeyError: 'trans'

During handling of the above exception, another exception occurred:

Traceback (most recent call last):
  File "G:\Python_projects\SkillFactory\SkillFactory_NewsPaper\.venv\Lib\site-packages\django\core\handlers\exception.py", line 55, in inner
    response = get_response(request)
               ^^^^^^^^^^^^^^^^^^^^^
  File "G:\Python_projects\SkillFactory\SkillFactory_NewsPaper\.venv\Lib\site-packages\django\core\handlers\base.py", line 220, in _get_response
    response = response.render()
               ^^^^^^^^^^^^^^^^^
  File "G:\Python_projects\SkillFactory\SkillFactory_NewsPaper\.venv\Lib\site-packages\django\template\response.py", line 114, in render
    self.content = self.rendered_content
                   ^^^^^^^^^^^^^^^^^^^^^
  File "G:\Python_projects\SkillFactory\SkillFactory_NewsPaper\.venv\Lib\site-packages\django\template\response.py", line 90, in rendered_content
    template = self.resolve_template(self.template_name)
               ^^^^^^^^^^^^^^^^^^^^^^^^^^^^^^^^^^^^^^^^^
  File "G:\Python_projects\SkillFactory\SkillFactory_NewsPaper\.venv\Lib\site-packages\django\template\response.py", line 72, in resolve_template
    return select_template(template, using=self.using)
           ^^^^^^^^^^^^^^^^^^^^^^^^^^^^^^^^^^^^^^^^^^^
  File "G:\Python_projects\SkillFactory\SkillFactory_NewsPaper\.venv\Lib\site-packages\django\template\loader.py", line 42, in select_template
    return engine.get_template(template_name)
           ^^^^^^^^^^^^^^^^^^^^^^^^^^^^^^^^^^
  File "G:\Python_projects\SkillFactory\SkillFactory_NewsPaper\.venv\Lib\site-packages\django\template\backends\django.py", line 79, in get_template
    return Template(self.engine.get_template(template_name), self)
                    ^^^^^^^^^^^^^^^^^^^^^^^^^^^^^^^^^^^^^^^
  File "G:\Python_projects\SkillFactory\SkillFactory_NewsPaper\.venv\Lib\site-packages\django\template\engine.py", line 177, in get_template
    template, origin = self.find_template(template_name)
                       ^^^^^^^^^^^^^^^^^^^^^^^^^^^^^^^^^
  File "G:\Python_projects\SkillFactory\SkillFactory_NewsPaper\.venv\Lib\site-packages\django\template\engine.py", line 159, in find_template
    template = loader.get_template(name, skip=skip)
               ^^^^^^^^^^^^^^^^^^^^^^^^^^^^^^^^^^^^
  File "G:\Python_projects\SkillFactory\SkillFactory_NewsPaper\.venv\Lib\site-packages\django\template\loaders\cached.py", line 57, in get_template
    template = super().get_template(template_name, skip)
               ^^^^^^^^^^^^^^^^^^^^^^^^^^^^^^^^^^^^^^^^^
  File "G:\Python_projects\SkillFactory\SkillFactory_NewsPaper\.venv\Lib\site-packages\django\template\loaders\base.py", line 28, in get_template
    return Template(
           ^^^^^^^^^
  File "G:\Python_projects\SkillFactory\SkillFactory_NewsPaper\.venv\Lib\site-packages\django\template\base.py", line 154, in __init__
    self.nodelist = self.compile_nodelist()
                    ^^^^^^^^^^^^^^^^^^^^^^^
  File "G:\Python_projects\SkillFactory\SkillFactory_NewsPaper\.venv\Lib\site-packages\django\template\base.py", line 196, in compile_nodelist
    nodelist = parser.parse()
               ^^^^^^^^^^^^^^
  File "G:\Python_projects\SkillFactory\SkillFactory_NewsPaper\.venv\Lib\site-packages\django\template\base.py", line 518, in parse
    raise self.error(token, e)
  File "G:\Python_projects\SkillFactory\SkillFactory_NewsPaper\.venv\Lib\site-packages\django\template\base.py", line 516, in parse
    compiled_result = compile_func(self, token)
                      ^^^^^^^^^^^^^^^^^^^^^^^^^
  File "G:\Python_projects\SkillFactory\SkillFactory_NewsPaper\.venv\Lib\site-packages\django\template\loader_tags.py", line 295, in do_extends
    nodelist = parser.parse()
               ^^^^^^^^^^^^^^
  File "G:\Python_projects\SkillFactory\SkillFactory_NewsPaper\.venv\Lib\site-packages\django\template\base.py", line 518, in parse
    raise self.error(token, e)
  File "G:\Python_projects\SkillFactory\SkillFactory_NewsPaper\.venv\Lib\site-packages\django\template\base.py", line 516, in parse
    compiled_result = compile_func(self, token)
                      ^^^^^^^^^^^^^^^^^^^^^^^^^
  File "G:\Python_projects\SkillFactory\SkillFactory_NewsPaper\.venv\Lib\site-packages\django\template\loader_tags.py", line 234, in do_block
    nodelist = parser.parse(("endblock",))
               ^^^^^^^^^^^^^^^^^^^^^^^^^^^
  File "G:\Python_projects\SkillFactory\SkillFactory_NewsPaper\.venv\Lib\site-packages\django\template\base.py", line 518, in parse
    raise self.error(token, e)
  File "G:\Python_projects\SkillFactory\SkillFactory_NewsPaper\.venv\Lib\site-packages\django\template\base.py", line 516, in parse
    compiled_result = compile_func(self, token)
                      ^^^^^^^^^^^^^^^^^^^^^^^^^
  File "G:\Python_projects\SkillFactory\SkillFactory_NewsPaper\.venv\Lib\site-packages\django\template\defaulttags.py", line 962, in do_if
    nodelist = parser.parse(("elif", "else", "endif"))
               ^^^^^^^^^^^^^^^^^^^^^^^^^^^^^^^^^^^^^^^
  File "G:\Python_projects\SkillFactory\SkillFactory_NewsPaper\.venv\Lib\site-packages\django\template\base.py", line 512, in parse
    self.invalid_block_tag(token, command, parse_until)
  File "G:\Python_projects\SkillFactory\SkillFactory_NewsPaper\.venv\Lib\site-packages\django\template\base.py", line 563, in invalid_block_tag
    raise self.error(
django.template.exceptions.TemplateSyntaxError: Invalid block tag on line 7: 'trans', expected 'elif', 'else' or 'endif'. Did you forget to register or load this tag?
2024-08-30 10:43:37,759 ERROR G:\Python_projects\SkillFactory\SkillFactory_NewsPaper\.venv\Lib\site-packages\django\core\servers\basehttp.py None "GET / HTTP/1.1" 500 196406
2024-08-30 10:44:49,351 ERROR G:\Python_projects\SkillFactory\SkillFactory_NewsPaper\.venv\Lib\site-packages\django\utils\log.py (<class 'django.template.exceptions.TemplateSyntaxError'>, TemplateSyntaxError("Invalid block tag on line 7: 'trans', expected 'elif', 'else' or 'endif'. Did you forget to register or load this tag?"), <traceback object at 0x000001DB2D143200>) Internal Server Error: /
Traceback (most recent call last):
  File "G:\Python_projects\SkillFactory\SkillFactory_NewsPaper\.venv\Lib\site-packages\django\template\base.py", line 510, in parse
    compile_func = self.tags[command]
                   ~~~~~~~~~^^^^^^^^^
KeyError: 'trans'

During handling of the above exception, another exception occurred:

Traceback (most recent call last):
  File "G:\Python_projects\SkillFactory\SkillFactory_NewsPaper\.venv\Lib\site-packages\django\core\handlers\exception.py", line 55, in inner
    response = get_response(request)
               ^^^^^^^^^^^^^^^^^^^^^
  File "G:\Python_projects\SkillFactory\SkillFactory_NewsPaper\.venv\Lib\site-packages\django\core\handlers\base.py", line 220, in _get_response
    response = response.render()
               ^^^^^^^^^^^^^^^^^
  File "G:\Python_projects\SkillFactory\SkillFactory_NewsPaper\.venv\Lib\site-packages\django\template\response.py", line 114, in render
    self.content = self.rendered_content
                   ^^^^^^^^^^^^^^^^^^^^^
  File "G:\Python_projects\SkillFactory\SkillFactory_NewsPaper\.venv\Lib\site-packages\django\template\response.py", line 90, in rendered_content
    template = self.resolve_template(self.template_name)
               ^^^^^^^^^^^^^^^^^^^^^^^^^^^^^^^^^^^^^^^^^
  File "G:\Python_projects\SkillFactory\SkillFactory_NewsPaper\.venv\Lib\site-packages\django\template\response.py", line 72, in resolve_template
    return select_template(template, using=self.using)
           ^^^^^^^^^^^^^^^^^^^^^^^^^^^^^^^^^^^^^^^^^^^
  File "G:\Python_projects\SkillFactory\SkillFactory_NewsPaper\.venv\Lib\site-packages\django\template\loader.py", line 42, in select_template
    return engine.get_template(template_name)
           ^^^^^^^^^^^^^^^^^^^^^^^^^^^^^^^^^^
  File "G:\Python_projects\SkillFactory\SkillFactory_NewsPaper\.venv\Lib\site-packages\django\template\backends\django.py", line 79, in get_template
    return Template(self.engine.get_template(template_name), self)
                    ^^^^^^^^^^^^^^^^^^^^^^^^^^^^^^^^^^^^^^^
  File "G:\Python_projects\SkillFactory\SkillFactory_NewsPaper\.venv\Lib\site-packages\django\template\engine.py", line 177, in get_template
    template, origin = self.find_template(template_name)
                       ^^^^^^^^^^^^^^^^^^^^^^^^^^^^^^^^^
  File "G:\Python_projects\SkillFactory\SkillFactory_NewsPaper\.venv\Lib\site-packages\django\template\engine.py", line 159, in find_template
    template = loader.get_template(name, skip=skip)
               ^^^^^^^^^^^^^^^^^^^^^^^^^^^^^^^^^^^^
  File "G:\Python_projects\SkillFactory\SkillFactory_NewsPaper\.venv\Lib\site-packages\django\template\loaders\cached.py", line 57, in get_template
    template = super().get_template(template_name, skip)
               ^^^^^^^^^^^^^^^^^^^^^^^^^^^^^^^^^^^^^^^^^
  File "G:\Python_projects\SkillFactory\SkillFactory_NewsPaper\.venv\Lib\site-packages\django\template\loaders\base.py", line 28, in get_template
    return Template(
           ^^^^^^^^^
  File "G:\Python_projects\SkillFactory\SkillFactory_NewsPaper\.venv\Lib\site-packages\django\template\base.py", line 154, in __init__
    self.nodelist = self.compile_nodelist()
                    ^^^^^^^^^^^^^^^^^^^^^^^
  File "G:\Python_projects\SkillFactory\SkillFactory_NewsPaper\.venv\Lib\site-packages\django\template\base.py", line 196, in compile_nodelist
    nodelist = parser.parse()
               ^^^^^^^^^^^^^^
  File "G:\Python_projects\SkillFactory\SkillFactory_NewsPaper\.venv\Lib\site-packages\django\template\base.py", line 518, in parse
    raise self.error(token, e)
  File "G:\Python_projects\SkillFactory\SkillFactory_NewsPaper\.venv\Lib\site-packages\django\template\base.py", line 516, in parse
    compiled_result = compile_func(self, token)
                      ^^^^^^^^^^^^^^^^^^^^^^^^^
  File "G:\Python_projects\SkillFactory\SkillFactory_NewsPaper\.venv\Lib\site-packages\django\template\loader_tags.py", line 295, in do_extends
    nodelist = parser.parse()
               ^^^^^^^^^^^^^^
  File "G:\Python_projects\SkillFactory\SkillFactory_NewsPaper\.venv\Lib\site-packages\django\template\base.py", line 518, in parse
    raise self.error(token, e)
  File "G:\Python_projects\SkillFactory\SkillFactory_NewsPaper\.venv\Lib\site-packages\django\template\base.py", line 516, in parse
    compiled_result = compile_func(self, token)
                      ^^^^^^^^^^^^^^^^^^^^^^^^^
  File "G:\Python_projects\SkillFactory\SkillFactory_NewsPaper\.venv\Lib\site-packages\django\template\loader_tags.py", line 234, in do_block
    nodelist = parser.parse(("endblock",))
               ^^^^^^^^^^^^^^^^^^^^^^^^^^^
  File "G:\Python_projects\SkillFactory\SkillFactory_NewsPaper\.venv\Lib\site-packages\django\template\base.py", line 518, in parse
    raise self.error(token, e)
  File "G:\Python_projects\SkillFactory\SkillFactory_NewsPaper\.venv\Lib\site-packages\django\template\base.py", line 516, in parse
    compiled_result = compile_func(self, token)
                      ^^^^^^^^^^^^^^^^^^^^^^^^^
  File "G:\Python_projects\SkillFactory\SkillFactory_NewsPaper\.venv\Lib\site-packages\django\template\defaulttags.py", line 962, in do_if
    nodelist = parser.parse(("elif", "else", "endif"))
               ^^^^^^^^^^^^^^^^^^^^^^^^^^^^^^^^^^^^^^^
  File "G:\Python_projects\SkillFactory\SkillFactory_NewsPaper\.venv\Lib\site-packages\django\template\base.py", line 512, in parse
    self.invalid_block_tag(token, command, parse_until)
  File "G:\Python_projects\SkillFactory\SkillFactory_NewsPaper\.venv\Lib\site-packages\django\template\base.py", line 563, in invalid_block_tag
    raise self.error(
django.template.exceptions.TemplateSyntaxError: Invalid block tag on line 7: 'trans', expected 'elif', 'else' or 'endif'. Did you forget to register or load this tag?
2024-08-30 10:44:49,361 ERROR G:\Python_projects\SkillFactory\SkillFactory_NewsPaper\.venv\Lib\site-packages\django\core\servers\basehttp.py None "GET / HTTP/1.1" 500 196406
2024-08-31 10:53:41,593 ERROR G:\Python_projects\SkillFactory\SkillFactory_NewsPaper\.venv\Lib\site-packages\django\utils\log.py (<class 'django.template.exceptions.TemplateSyntaxError'>, TemplateSyntaxError('Could not parse the remainder: \'"пїЅпїЅпїЅпїЅпїЅпїЅпїЅ{%endblock\' from \'"пїЅпїЅпїЅпїЅпїЅпїЅпїЅ{%endblock\''), <traceback object at 0x0000018588AEB4C0>) Internal Server Error: /news/101
Traceback (most recent call last):
  File "G:\Python_projects\SkillFactory\SkillFactory_NewsPaper\.venv\Lib\site-packages\django\core\handlers\exception.py", line 55, in inner
    response = get_response(request)
               ^^^^^^^^^^^^^^^^^^^^^
  File "G:\Python_projects\SkillFactory\SkillFactory_NewsPaper\.venv\Lib\site-packages\django\core\handlers\base.py", line 220, in _get_response
    response = response.render()
               ^^^^^^^^^^^^^^^^^
  File "G:\Python_projects\SkillFactory\SkillFactory_NewsPaper\.venv\Lib\site-packages\django\template\response.py", line 114, in render
    self.content = self.rendered_content
                   ^^^^^^^^^^^^^^^^^^^^^
  File "G:\Python_projects\SkillFactory\SkillFactory_NewsPaper\.venv\Lib\site-packages\django\template\response.py", line 90, in rendered_content
    template = self.resolve_template(self.template_name)
               ^^^^^^^^^^^^^^^^^^^^^^^^^^^^^^^^^^^^^^^^^
  File "G:\Python_projects\SkillFactory\SkillFactory_NewsPaper\.venv\Lib\site-packages\django\template\response.py", line 72, in resolve_template
    return select_template(template, using=self.using)
           ^^^^^^^^^^^^^^^^^^^^^^^^^^^^^^^^^^^^^^^^^^^
  File "G:\Python_projects\SkillFactory\SkillFactory_NewsPaper\.venv\Lib\site-packages\django\template\loader.py", line 42, in select_template
    return engine.get_template(template_name)
           ^^^^^^^^^^^^^^^^^^^^^^^^^^^^^^^^^^
  File "G:\Python_projects\SkillFactory\SkillFactory_NewsPaper\.venv\Lib\site-packages\django\template\backends\django.py", line 79, in get_template
    return Template(self.engine.get_template(template_name), self)
                    ^^^^^^^^^^^^^^^^^^^^^^^^^^^^^^^^^^^^^^^
  File "G:\Python_projects\SkillFactory\SkillFactory_NewsPaper\.venv\Lib\site-packages\django\template\engine.py", line 177, in get_template
    template, origin = self.find_template(template_name)
                       ^^^^^^^^^^^^^^^^^^^^^^^^^^^^^^^^^
  File "G:\Python_projects\SkillFactory\SkillFactory_NewsPaper\.venv\Lib\site-packages\django\template\engine.py", line 159, in find_template
    template = loader.get_template(name, skip=skip)
               ^^^^^^^^^^^^^^^^^^^^^^^^^^^^^^^^^^^^
  File "G:\Python_projects\SkillFactory\SkillFactory_NewsPaper\.venv\Lib\site-packages\django\template\loaders\cached.py", line 57, in get_template
    template = super().get_template(template_name, skip)
               ^^^^^^^^^^^^^^^^^^^^^^^^^^^^^^^^^^^^^^^^^
  File "G:\Python_projects\SkillFactory\SkillFactory_NewsPaper\.venv\Lib\site-packages\django\template\loaders\base.py", line 28, in get_template
    return Template(
           ^^^^^^^^^
  File "G:\Python_projects\SkillFactory\SkillFactory_NewsPaper\.venv\Lib\site-packages\django\template\base.py", line 154, in __init__
    self.nodelist = self.compile_nodelist()
                    ^^^^^^^^^^^^^^^^^^^^^^^
  File "G:\Python_projects\SkillFactory\SkillFactory_NewsPaper\.venv\Lib\site-packages\django\template\base.py", line 196, in compile_nodelist
    nodelist = parser.parse()
               ^^^^^^^^^^^^^^
  File "G:\Python_projects\SkillFactory\SkillFactory_NewsPaper\.venv\Lib\site-packages\django\template\base.py", line 518, in parse
    raise self.error(token, e)
  File "G:\Python_projects\SkillFactory\SkillFactory_NewsPaper\.venv\Lib\site-packages\django\template\base.py", line 516, in parse
    compiled_result = compile_func(self, token)
                      ^^^^^^^^^^^^^^^^^^^^^^^^^
  File "G:\Python_projects\SkillFactory\SkillFactory_NewsPaper\.venv\Lib\site-packages\django\template\loader_tags.py", line 295, in do_extends
    nodelist = parser.parse()
               ^^^^^^^^^^^^^^
  File "G:\Python_projects\SkillFactory\SkillFactory_NewsPaper\.venv\Lib\site-packages\django\template\base.py", line 518, in parse
    raise self.error(token, e)
  File "G:\Python_projects\SkillFactory\SkillFactory_NewsPaper\.venv\Lib\site-packages\django\template\base.py", line 516, in parse
    compiled_result = compile_func(self, token)
                      ^^^^^^^^^^^^^^^^^^^^^^^^^
  File "G:\Python_projects\SkillFactory\SkillFactory_NewsPaper\.venv\Lib\site-packages\django\template\loader_tags.py", line 234, in do_block
    nodelist = parser.parse(("endblock",))
               ^^^^^^^^^^^^^^^^^^^^^^^^^^^
  File "G:\Python_projects\SkillFactory\SkillFactory_NewsPaper\.venv\Lib\site-packages\django\template\base.py", line 518, in parse
    raise self.error(token, e)
  File "G:\Python_projects\SkillFactory\SkillFactory_NewsPaper\.venv\Lib\site-packages\django\template\base.py", line 516, in parse
    compiled_result = compile_func(self, token)
                      ^^^^^^^^^^^^^^^^^^^^^^^^^
  File "G:\Python_projects\SkillFactory\SkillFactory_NewsPaper\.venv\Lib\site-packages\django\templatetags\i18n.py", line 403, in do_translate
    message_string = parser.compile_filter(bits[1])
                     ^^^^^^^^^^^^^^^^^^^^^^^^^^^^^^
  File "G:\Python_projects\SkillFactory\SkillFactory_NewsPaper\.venv\Lib\site-packages\django\template\base.py", line 605, in compile_filter
    return FilterExpression(token, self)
           ^^^^^^^^^^^^^^^^^^^^^^^^^^^^^
  File "G:\Python_projects\SkillFactory\SkillFactory_NewsPaper\.venv\Lib\site-packages\django\template\base.py", line 706, in __init__
    raise TemplateSyntaxError(
django.template.exceptions.TemplateSyntaxError: Could not parse the remainder: '"пїЅпїЅпїЅпїЅпїЅпїЅпїЅ{%endblock' from '"пїЅпїЅпїЅпїЅпїЅпїЅпїЅ{%endblock'
2024-08-31 10:53:41,602 ERROR G:\Python_projects\SkillFactory\SkillFactory_NewsPaper\.venv\Lib\site-packages\django\core\servers\basehttp.py None "GET /news/101 HTTP/1.1" 500 197111
2024-08-31 10:54:00,333 ERROR G:\Python_projects\SkillFactory\SkillFactory_NewsPaper\.venv\Lib\site-packages\django\utils\log.py (<class 'django.template.exceptions.TemplateSyntaxError'>, TemplateSyntaxError('Could not parse the remainder: \'"пїЅпїЅпїЅпїЅпїЅпїЅпїЅ{%endblock\' from \'"пїЅпїЅпїЅпїЅпїЅпїЅпїЅ{%endblock\''), <traceback object at 0x0000018588AEB200>) Internal Server Error: /news/101
Traceback (most recent call last):
  File "G:\Python_projects\SkillFactory\SkillFactory_NewsPaper\.venv\Lib\site-packages\django\core\handlers\exception.py", line 55, in inner
    response = get_response(request)
               ^^^^^^^^^^^^^^^^^^^^^
  File "G:\Python_projects\SkillFactory\SkillFactory_NewsPaper\.venv\Lib\site-packages\django\core\handlers\base.py", line 220, in _get_response
    response = response.render()
               ^^^^^^^^^^^^^^^^^
  File "G:\Python_projects\SkillFactory\SkillFactory_NewsPaper\.venv\Lib\site-packages\django\template\response.py", line 114, in render
    self.content = self.rendered_content
                   ^^^^^^^^^^^^^^^^^^^^^
  File "G:\Python_projects\SkillFactory\SkillFactory_NewsPaper\.venv\Lib\site-packages\django\template\response.py", line 90, in rendered_content
    template = self.resolve_template(self.template_name)
               ^^^^^^^^^^^^^^^^^^^^^^^^^^^^^^^^^^^^^^^^^
  File "G:\Python_projects\SkillFactory\SkillFactory_NewsPaper\.venv\Lib\site-packages\django\template\response.py", line 72, in resolve_template
    return select_template(template, using=self.using)
           ^^^^^^^^^^^^^^^^^^^^^^^^^^^^^^^^^^^^^^^^^^^
  File "G:\Python_projects\SkillFactory\SkillFactory_NewsPaper\.venv\Lib\site-packages\django\template\loader.py", line 42, in select_template
    return engine.get_template(template_name)
           ^^^^^^^^^^^^^^^^^^^^^^^^^^^^^^^^^^
  File "G:\Python_projects\SkillFactory\SkillFactory_NewsPaper\.venv\Lib\site-packages\django\template\backends\django.py", line 79, in get_template
    return Template(self.engine.get_template(template_name), self)
                    ^^^^^^^^^^^^^^^^^^^^^^^^^^^^^^^^^^^^^^^
  File "G:\Python_projects\SkillFactory\SkillFactory_NewsPaper\.venv\Lib\site-packages\django\template\engine.py", line 177, in get_template
    template, origin = self.find_template(template_name)
                       ^^^^^^^^^^^^^^^^^^^^^^^^^^^^^^^^^
  File "G:\Python_projects\SkillFactory\SkillFactory_NewsPaper\.venv\Lib\site-packages\django\template\engine.py", line 159, in find_template
    template = loader.get_template(name, skip=skip)
               ^^^^^^^^^^^^^^^^^^^^^^^^^^^^^^^^^^^^
  File "G:\Python_projects\SkillFactory\SkillFactory_NewsPaper\.venv\Lib\site-packages\django\template\loaders\cached.py", line 57, in get_template
    template = super().get_template(template_name, skip)
               ^^^^^^^^^^^^^^^^^^^^^^^^^^^^^^^^^^^^^^^^^
  File "G:\Python_projects\SkillFactory\SkillFactory_NewsPaper\.venv\Lib\site-packages\django\template\loaders\base.py", line 28, in get_template
    return Template(
           ^^^^^^^^^
  File "G:\Python_projects\SkillFactory\SkillFactory_NewsPaper\.venv\Lib\site-packages\django\template\base.py", line 154, in __init__
    self.nodelist = self.compile_nodelist()
                    ^^^^^^^^^^^^^^^^^^^^^^^
  File "G:\Python_projects\SkillFactory\SkillFactory_NewsPaper\.venv\Lib\site-packages\django\template\base.py", line 196, in compile_nodelist
    nodelist = parser.parse()
               ^^^^^^^^^^^^^^
  File "G:\Python_projects\SkillFactory\SkillFactory_NewsPaper\.venv\Lib\site-packages\django\template\base.py", line 518, in parse
    raise self.error(token, e)
  File "G:\Python_projects\SkillFactory\SkillFactory_NewsPaper\.venv\Lib\site-packages\django\template\base.py", line 516, in parse
    compiled_result = compile_func(self, token)
                      ^^^^^^^^^^^^^^^^^^^^^^^^^
  File "G:\Python_projects\SkillFactory\SkillFactory_NewsPaper\.venv\Lib\site-packages\django\template\loader_tags.py", line 295, in do_extends
    nodelist = parser.parse()
               ^^^^^^^^^^^^^^
  File "G:\Python_projects\SkillFactory\SkillFactory_NewsPaper\.venv\Lib\site-packages\django\template\base.py", line 518, in parse
    raise self.error(token, e)
  File "G:\Python_projects\SkillFactory\SkillFactory_NewsPaper\.venv\Lib\site-packages\django\template\base.py", line 516, in parse
    compiled_result = compile_func(self, token)
                      ^^^^^^^^^^^^^^^^^^^^^^^^^
  File "G:\Python_projects\SkillFactory\SkillFactory_NewsPaper\.venv\Lib\site-packages\django\template\loader_tags.py", line 234, in do_block
    nodelist = parser.parse(("endblock",))
               ^^^^^^^^^^^^^^^^^^^^^^^^^^^
  File "G:\Python_projects\SkillFactory\SkillFactory_NewsPaper\.venv\Lib\site-packages\django\template\base.py", line 518, in parse
    raise self.error(token, e)
  File "G:\Python_projects\SkillFactory\SkillFactory_NewsPaper\.venv\Lib\site-packages\django\template\base.py", line 516, in parse
    compiled_result = compile_func(self, token)
                      ^^^^^^^^^^^^^^^^^^^^^^^^^
  File "G:\Python_projects\SkillFactory\SkillFactory_NewsPaper\.venv\Lib\site-packages\django\templatetags\i18n.py", line 403, in do_translate
    message_string = parser.compile_filter(bits[1])
                     ^^^^^^^^^^^^^^^^^^^^^^^^^^^^^^
  File "G:\Python_projects\SkillFactory\SkillFactory_NewsPaper\.venv\Lib\site-packages\django\template\base.py", line 605, in compile_filter
    return FilterExpression(token, self)
           ^^^^^^^^^^^^^^^^^^^^^^^^^^^^^
  File "G:\Python_projects\SkillFactory\SkillFactory_NewsPaper\.venv\Lib\site-packages\django\template\base.py", line 706, in __init__
    raise TemplateSyntaxError(
django.template.exceptions.TemplateSyntaxError: Could not parse the remainder: '"пїЅпїЅпїЅпїЅпїЅпїЅпїЅ{%endblock' from '"пїЅпїЅпїЅпїЅпїЅпїЅпїЅ{%endblock'
2024-08-31 10:54:00,391 ERROR G:\Python_projects\SkillFactory\SkillFactory_NewsPaper\.venv\Lib\site-packages\django\core\servers\basehttp.py None "GET /news/101 HTTP/1.1" 500 197111
2024-09-05 11:31:59,989 ERROR G:\Python_projects\SkillFactory\SkillFactory_NewsPaper\.venv\Lib\site-packages\django\utils\log.py (<class 'django.template.exceptions.TemplateSyntaxError'>, TemplateSyntaxError("Invalid block tag on line 11: 'get_current_timezone', expected 'endblock'. Did you forget to register or load this tag?"), <traceback object at 0x000002793365DA40>) Internal Server Error: /news/
Traceback (most recent call last):
  File "G:\Python_projects\SkillFactory\SkillFactory_NewsPaper\.venv\Lib\site-packages\django\template\base.py", line 510, in parse
    compile_func = self.tags[command]
                   ~~~~~~~~~^^^^^^^^^
KeyError: 'get_current_timezone'

During handling of the above exception, another exception occurred:

Traceback (most recent call last):
  File "G:\Python_projects\SkillFactory\SkillFactory_NewsPaper\.venv\Lib\site-packages\django\core\handlers\exception.py", line 55, in inner
    response = get_response(request)
               ^^^^^^^^^^^^^^^^^^^^^
  File "G:\Python_projects\SkillFactory\SkillFactory_NewsPaper\.venv\Lib\site-packages\django\core\handlers\base.py", line 220, in _get_response
    response = response.render()
               ^^^^^^^^^^^^^^^^^
  File "G:\Python_projects\SkillFactory\SkillFactory_NewsPaper\.venv\Lib\site-packages\django\template\response.py", line 114, in render
    self.content = self.rendered_content
                   ^^^^^^^^^^^^^^^^^^^^^
  File "G:\Python_projects\SkillFactory\SkillFactory_NewsPaper\.venv\Lib\site-packages\django\template\response.py", line 90, in rendered_content
    template = self.resolve_template(self.template_name)
               ^^^^^^^^^^^^^^^^^^^^^^^^^^^^^^^^^^^^^^^^^
  File "G:\Python_projects\SkillFactory\SkillFactory_NewsPaper\.venv\Lib\site-packages\django\template\response.py", line 72, in resolve_template
    return select_template(template, using=self.using)
           ^^^^^^^^^^^^^^^^^^^^^^^^^^^^^^^^^^^^^^^^^^^
  File "G:\Python_projects\SkillFactory\SkillFactory_NewsPaper\.venv\Lib\site-packages\django\template\loader.py", line 42, in select_template
    return engine.get_template(template_name)
           ^^^^^^^^^^^^^^^^^^^^^^^^^^^^^^^^^^
  File "G:\Python_projects\SkillFactory\SkillFactory_NewsPaper\.venv\Lib\site-packages\django\template\backends\django.py", line 79, in get_template
    return Template(self.engine.get_template(template_name), self)
                    ^^^^^^^^^^^^^^^^^^^^^^^^^^^^^^^^^^^^^^^
  File "G:\Python_projects\SkillFactory\SkillFactory_NewsPaper\.venv\Lib\site-packages\django\template\engine.py", line 177, in get_template
    template, origin = self.find_template(template_name)
                       ^^^^^^^^^^^^^^^^^^^^^^^^^^^^^^^^^
  File "G:\Python_projects\SkillFactory\SkillFactory_NewsPaper\.venv\Lib\site-packages\django\template\engine.py", line 159, in find_template
    template = loader.get_template(name, skip=skip)
               ^^^^^^^^^^^^^^^^^^^^^^^^^^^^^^^^^^^^
  File "G:\Python_projects\SkillFactory\SkillFactory_NewsPaper\.venv\Lib\site-packages\django\template\loaders\cached.py", line 57, in get_template
    template = super().get_template(template_name, skip)
               ^^^^^^^^^^^^^^^^^^^^^^^^^^^^^^^^^^^^^^^^^
  File "G:\Python_projects\SkillFactory\SkillFactory_NewsPaper\.venv\Lib\site-packages\django\template\loaders\base.py", line 28, in get_template
    return Template(
           ^^^^^^^^^
  File "G:\Python_projects\SkillFactory\SkillFactory_NewsPaper\.venv\Lib\site-packages\django\template\base.py", line 154, in __init__
    self.nodelist = self.compile_nodelist()
                    ^^^^^^^^^^^^^^^^^^^^^^^
  File "G:\Python_projects\SkillFactory\SkillFactory_NewsPaper\.venv\Lib\site-packages\django\template\base.py", line 196, in compile_nodelist
    nodelist = parser.parse()
               ^^^^^^^^^^^^^^
  File "G:\Python_projects\SkillFactory\SkillFactory_NewsPaper\.venv\Lib\site-packages\django\template\base.py", line 518, in parse
    raise self.error(token, e)
  File "G:\Python_projects\SkillFactory\SkillFactory_NewsPaper\.venv\Lib\site-packages\django\template\base.py", line 516, in parse
    compiled_result = compile_func(self, token)
                      ^^^^^^^^^^^^^^^^^^^^^^^^^
  File "G:\Python_projects\SkillFactory\SkillFactory_NewsPaper\.venv\Lib\site-packages\django\template\loader_tags.py", line 295, in do_extends
    nodelist = parser.parse()
               ^^^^^^^^^^^^^^
  File "G:\Python_projects\SkillFactory\SkillFactory_NewsPaper\.venv\Lib\site-packages\django\template\base.py", line 518, in parse
    raise self.error(token, e)
  File "G:\Python_projects\SkillFactory\SkillFactory_NewsPaper\.venv\Lib\site-packages\django\template\base.py", line 516, in parse
    compiled_result = compile_func(self, token)
                      ^^^^^^^^^^^^^^^^^^^^^^^^^
  File "G:\Python_projects\SkillFactory\SkillFactory_NewsPaper\.venv\Lib\site-packages\django\template\loader_tags.py", line 234, in do_block
    nodelist = parser.parse(("endblock",))
               ^^^^^^^^^^^^^^^^^^^^^^^^^^^
  File "G:\Python_projects\SkillFactory\SkillFactory_NewsPaper\.venv\Lib\site-packages\django\template\base.py", line 512, in parse
    self.invalid_block_tag(token, command, parse_until)
  File "G:\Python_projects\SkillFactory\SkillFactory_NewsPaper\.venv\Lib\site-packages\django\template\base.py", line 563, in invalid_block_tag
    raise self.error(
django.template.exceptions.TemplateSyntaxError: Invalid block tag on line 11: 'get_current_timezone', expected 'endblock'. Did you forget to register or load this tag?
2024-09-05 11:32:00,166 ERROR G:\Python_projects\SkillFactory\SkillFactory_NewsPaper\.venv\Lib\site-packages\django\core\servers\basehttp.py None "GET /news/ HTTP/1.1" 500 255869
2024-09-05 11:34:00,734 ERROR G:\Python_projects\SkillFactory\SkillFactory_NewsPaper\.venv\Lib\site-packages\django\utils\log.py (<class 'django.template.exceptions.TemplateSyntaxError'>, TemplateSyntaxError("Invalid block tag on line 11: 'get_current_timezone', expected 'endblock'. Did you forget to register or load this tag?"), <traceback object at 0x00000279337CA3C0>) Internal Server Error: /news/
Traceback (most recent call last):
  File "G:\Python_projects\SkillFactory\SkillFactory_NewsPaper\.venv\Lib\site-packages\django\template\base.py", line 510, in parse
    compile_func = self.tags[command]
                   ~~~~~~~~~^^^^^^^^^
KeyError: 'get_current_timezone'

During handling of the above exception, another exception occurred:

Traceback (most recent call last):
  File "G:\Python_projects\SkillFactory\SkillFactory_NewsPaper\.venv\Lib\site-packages\django\core\handlers\exception.py", line 55, in inner
    response = get_response(request)
               ^^^^^^^^^^^^^^^^^^^^^
  File "G:\Python_projects\SkillFactory\SkillFactory_NewsPaper\.venv\Lib\site-packages\django\core\handlers\base.py", line 220, in _get_response
    response = response.render()
               ^^^^^^^^^^^^^^^^^
  File "G:\Python_projects\SkillFactory\SkillFactory_NewsPaper\.venv\Lib\site-packages\django\template\response.py", line 114, in render
    self.content = self.rendered_content
                   ^^^^^^^^^^^^^^^^^^^^^
  File "G:\Python_projects\SkillFactory\SkillFactory_NewsPaper\.venv\Lib\site-packages\django\template\response.py", line 90, in rendered_content
    template = self.resolve_template(self.template_name)
               ^^^^^^^^^^^^^^^^^^^^^^^^^^^^^^^^^^^^^^^^^
  File "G:\Python_projects\SkillFactory\SkillFactory_NewsPaper\.venv\Lib\site-packages\django\template\response.py", line 72, in resolve_template
    return select_template(template, using=self.using)
           ^^^^^^^^^^^^^^^^^^^^^^^^^^^^^^^^^^^^^^^^^^^
  File "G:\Python_projects\SkillFactory\SkillFactory_NewsPaper\.venv\Lib\site-packages\django\template\loader.py", line 42, in select_template
    return engine.get_template(template_name)
           ^^^^^^^^^^^^^^^^^^^^^^^^^^^^^^^^^^
  File "G:\Python_projects\SkillFactory\SkillFactory_NewsPaper\.venv\Lib\site-packages\django\template\backends\django.py", line 79, in get_template
    return Template(self.engine.get_template(template_name), self)
                    ^^^^^^^^^^^^^^^^^^^^^^^^^^^^^^^^^^^^^^^
  File "G:\Python_projects\SkillFactory\SkillFactory_NewsPaper\.venv\Lib\site-packages\django\template\engine.py", line 177, in get_template
    template, origin = self.find_template(template_name)
                       ^^^^^^^^^^^^^^^^^^^^^^^^^^^^^^^^^
  File "G:\Python_projects\SkillFactory\SkillFactory_NewsPaper\.venv\Lib\site-packages\django\template\engine.py", line 159, in find_template
    template = loader.get_template(name, skip=skip)
               ^^^^^^^^^^^^^^^^^^^^^^^^^^^^^^^^^^^^
  File "G:\Python_projects\SkillFactory\SkillFactory_NewsPaper\.venv\Lib\site-packages\django\template\loaders\cached.py", line 57, in get_template
    template = super().get_template(template_name, skip)
               ^^^^^^^^^^^^^^^^^^^^^^^^^^^^^^^^^^^^^^^^^
  File "G:\Python_projects\SkillFactory\SkillFactory_NewsPaper\.venv\Lib\site-packages\django\template\loaders\base.py", line 28, in get_template
    return Template(
           ^^^^^^^^^
  File "G:\Python_projects\SkillFactory\SkillFactory_NewsPaper\.venv\Lib\site-packages\django\template\base.py", line 154, in __init__
    self.nodelist = self.compile_nodelist()
                    ^^^^^^^^^^^^^^^^^^^^^^^
  File "G:\Python_projects\SkillFactory\SkillFactory_NewsPaper\.venv\Lib\site-packages\django\template\base.py", line 196, in compile_nodelist
    nodelist = parser.parse()
               ^^^^^^^^^^^^^^
  File "G:\Python_projects\SkillFactory\SkillFactory_NewsPaper\.venv\Lib\site-packages\django\template\base.py", line 518, in parse
    raise self.error(token, e)
  File "G:\Python_projects\SkillFactory\SkillFactory_NewsPaper\.venv\Lib\site-packages\django\template\base.py", line 516, in parse
    compiled_result = compile_func(self, token)
                      ^^^^^^^^^^^^^^^^^^^^^^^^^
  File "G:\Python_projects\SkillFactory\SkillFactory_NewsPaper\.venv\Lib\site-packages\django\template\loader_tags.py", line 295, in do_extends
    nodelist = parser.parse()
               ^^^^^^^^^^^^^^
  File "G:\Python_projects\SkillFactory\SkillFactory_NewsPaper\.venv\Lib\site-packages\django\template\base.py", line 518, in parse
    raise self.error(token, e)
  File "G:\Python_projects\SkillFactory\SkillFactory_NewsPaper\.venv\Lib\site-packages\django\template\base.py", line 516, in parse
    compiled_result = compile_func(self, token)
                      ^^^^^^^^^^^^^^^^^^^^^^^^^
  File "G:\Python_projects\SkillFactory\SkillFactory_NewsPaper\.venv\Lib\site-packages\django\template\loader_tags.py", line 234, in do_block
    nodelist = parser.parse(("endblock",))
               ^^^^^^^^^^^^^^^^^^^^^^^^^^^
  File "G:\Python_projects\SkillFactory\SkillFactory_NewsPaper\.venv\Lib\site-packages\django\template\base.py", line 512, in parse
    self.invalid_block_tag(token, command, parse_until)
  File "G:\Python_projects\SkillFactory\SkillFactory_NewsPaper\.venv\Lib\site-packages\django\template\base.py", line 563, in invalid_block_tag
    raise self.error(
django.template.exceptions.TemplateSyntaxError: Invalid block tag on line 11: 'get_current_timezone', expected 'endblock'. Did you forget to register or load this tag?
2024-09-05 11:34:00,774 ERROR G:\Python_projects\SkillFactory\SkillFactory_NewsPaper\.venv\Lib\site-packages\django\core\servers\basehttp.py None "GET /news/ HTTP/1.1" 500 255869
2024-09-13 13:05:13,648 ERROR G:\Python_projects\SkillFactory\SkillFactory_NewsPaper\.venv\Lib\site-packages\django\utils\log.py (<class 'django.template.exceptions.TemplateSyntaxError'>, TemplateSyntaxError("Could not parse the remainder: ' по всем постам' from 'поиск по всем постам'"), <traceback object at 0x0000018BF13504C0>) Internal Server Error: /
Traceback (most recent call last):
  File "G:\Python_projects\SkillFactory\SkillFactory_NewsPaper\.venv\Lib\site-packages\django\core\handlers\exception.py", line 55, in inner
    response = get_response(request)
               ^^^^^^^^^^^^^^^^^^^^^
  File "G:\Python_projects\SkillFactory\SkillFactory_NewsPaper\.venv\Lib\site-packages\django\core\handlers\base.py", line 220, in _get_response
    response = response.render()
               ^^^^^^^^^^^^^^^^^
  File "G:\Python_projects\SkillFactory\SkillFactory_NewsPaper\.venv\Lib\site-packages\django\template\response.py", line 114, in render
    self.content = self.rendered_content
                   ^^^^^^^^^^^^^^^^^^^^^
  File "G:\Python_projects\SkillFactory\SkillFactory_NewsPaper\.venv\Lib\site-packages\django\template\response.py", line 92, in rendered_content
    return template.render(context, self._request)
           ^^^^^^^^^^^^^^^^^^^^^^^^^^^^^^^^^^^^^^^
  File "G:\Python_projects\SkillFactory\SkillFactory_NewsPaper\.venv\Lib\site-packages\django\template\backends\django.py", line 107, in render
    return self.template.render(context)
           ^^^^^^^^^^^^^^^^^^^^^^^^^^^^^
  File "G:\Python_projects\SkillFactory\SkillFactory_NewsPaper\.venv\Lib\site-packages\django\template\base.py", line 171, in render
    return self._render(context)
           ^^^^^^^^^^^^^^^^^^^^^
  File "G:\Python_projects\SkillFactory\SkillFactory_NewsPaper\.venv\Lib\site-packages\django\template\base.py", line 163, in _render
    return self.nodelist.render(context)
           ^^^^^^^^^^^^^^^^^^^^^^^^^^^^^
  File "G:\Python_projects\SkillFactory\SkillFactory_NewsPaper\.venv\Lib\site-packages\django\template\base.py", line 1008, in render
    return SafeString("".join([node.render_annotated(context) for node in self]))
                               ^^^^^^^^^^^^^^^^^^^^^^^^^^^^^^
  File "G:\Python_projects\SkillFactory\SkillFactory_NewsPaper\.venv\Lib\site-packages\django\template\base.py", line 969, in render_annotated
    return self.render(context)
           ^^^^^^^^^^^^^^^^^^^^
  File "G:\Python_projects\SkillFactory\SkillFactory_NewsPaper\.venv\Lib\site-packages\django\template\loader_tags.py", line 134, in render
    compiled_parent = self.get_parent(context)
                      ^^^^^^^^^^^^^^^^^^^^^^^^
  File "G:\Python_projects\SkillFactory\SkillFactory_NewsPaper\.venv\Lib\site-packages\django\template\loader_tags.py", line 131, in get_parent
    return self.find_template(parent, context)
           ^^^^^^^^^^^^^^^^^^^^^^^^^^^^^^^^^^^
  File "G:\Python_projects\SkillFactory\SkillFactory_NewsPaper\.venv\Lib\site-packages\django\template\loader_tags.py", line 109, in find_template
    template, origin = context.template.engine.find_template(
                       ^^^^^^^^^^^^^^^^^^^^^^^^^^^^^^^^^^^^^^
  File "G:\Python_projects\SkillFactory\SkillFactory_NewsPaper\.venv\Lib\site-packages\django\template\engine.py", line 159, in find_template
    template = loader.get_template(name, skip=skip)
               ^^^^^^^^^^^^^^^^^^^^^^^^^^^^^^^^^^^^
  File "G:\Python_projects\SkillFactory\SkillFactory_NewsPaper\.venv\Lib\site-packages\django\template\loaders\cached.py", line 57, in get_template
    template = super().get_template(template_name, skip)
               ^^^^^^^^^^^^^^^^^^^^^^^^^^^^^^^^^^^^^^^^^
  File "G:\Python_projects\SkillFactory\SkillFactory_NewsPaper\.venv\Lib\site-packages\django\template\loaders\base.py", line 28, in get_template
    return Template(
           ^^^^^^^^^
  File "G:\Python_projects\SkillFactory\SkillFactory_NewsPaper\.venv\Lib\site-packages\django\template\base.py", line 154, in __init__
    self.nodelist = self.compile_nodelist()
                    ^^^^^^^^^^^^^^^^^^^^^^^
  File "G:\Python_projects\SkillFactory\SkillFactory_NewsPaper\.venv\Lib\site-packages\django\template\base.py", line 196, in compile_nodelist
    nodelist = parser.parse()
               ^^^^^^^^^^^^^^
  File "G:\Python_projects\SkillFactory\SkillFactory_NewsPaper\.venv\Lib\site-packages\django\template\base.py", line 489, in parse
    raise self.error(token, e)
  File "G:\Python_projects\SkillFactory\SkillFactory_NewsPaper\.venv\Lib\site-packages\django\template\base.py", line 487, in parse
    filter_expression = self.compile_filter(token.contents)
                        ^^^^^^^^^^^^^^^^^^^^^^^^^^^^^^^^^^^
  File "G:\Python_projects\SkillFactory\SkillFactory_NewsPaper\.venv\Lib\site-packages\django\template\base.py", line 605, in compile_filter
    return FilterExpression(token, self)
           ^^^^^^^^^^^^^^^^^^^^^^^^^^^^^
  File "G:\Python_projects\SkillFactory\SkillFactory_NewsPaper\.venv\Lib\site-packages\django\template\base.py", line 706, in __init__
    raise TemplateSyntaxError(
django.template.exceptions.TemplateSyntaxError: Could not parse the remainder: ' по всем постам' from 'поиск по всем постам'
2024-09-13 13:05:13,665 ERROR G:\Python_projects\SkillFactory\SkillFactory_NewsPaper\.venv\Lib\site-packages\django\core\servers\basehttp.py None "GET / HTTP/1.1" 500 172178
